  [1m[36m (126.7ms)[0m  [1mCREATE TABLE "schema_migrations" ("version" varchar NOT NULL) [0m
  [1m[35m (0.3ms)[0m  select sqlite_version(*)
  [1m[36m (120.0ms)[0m  [1mCREATE UNIQUE INDEX "unique_schema_migrations" ON "schema_migrations" ("version")[0m
  [1m[35mActiveRecord::SchemaMigration Load (0.2ms)[0m  SELECT "schema_migrations".* FROM "schema_migrations"
  [1m[36mActiveRecord::SchemaMigration Load (0.1ms)[0m  [1mSELECT "schema_migrations".* FROM "schema_migrations"[0m
Migrating to CreateRestaurants (20160511031933)
  [1m[35m (0.1ms)[0m  begin transaction
  [1m[36m (0.5ms)[0m  [1mCREATE TABLE "restaurants" ("id" INTEGER PRIMARY KEY AUTOINCREMENT NOT NULL, "name" varchar, "street" varchar, "city" varchar, "state" varchar, "country" varchar, "postal_code" varchar, "created_at" datetime NOT NULL, "updated_at" datetime NOT NULL) [0m
  [1m[35mSQL (0.2ms)[0m  INSERT INTO "schema_migrations" ("version") VALUES (?)  [["version", "20160511031933"]]
  [1m[36m (122.5ms)[0m  [1mcommit transaction[0m
  [1m[35mActiveRecord::SchemaMigration Load (0.2ms)[0m  SELECT "schema_migrations".* FROM "schema_migrations"
  [1m[36m (0.1ms)[0m  [1mbegin transaction[0m
  [1m[35mSQL (0.5ms)[0m  INSERT INTO "restaurants" ("name", "street", "city", "state", "country", "postal_code", "created_at", "updated_at") VALUES (?, ?, ?, ?, ?, ?, ?, ?)  [["name", "The Good Steer"], ["street", "28 Middle Country Rd."], ["city", "Lake Grove"], ["state", "New York"], ["country", "USA"], ["postal_code", "11755"], ["created_at", "2016-05-11 06:06:09.039658"], ["updated_at", "2016-05-11 06:06:09.039658"]]
  [1m[36m (100.6ms)[0m  [1mcommit transaction[0m
  [1m[35m (0.2ms)[0m  begin transaction
  [1m[36mSQL (0.5ms)[0m  [1mINSERT INTO "restaurants" ("name", "street", "city", "state", "country", "postal_code", "created_at", "updated_at") VALUES (?, ?, ?, ?, ?, ?, ?, ?)[0m  [["name", "Tang Dynasty"], ["street", "846 Portion Rd."], ["city", "Ronkonkoma"], ["state", "New York"], ["country", "USA"], ["postal_code", "11779"], ["created_at", "2016-05-11 06:07:47.798503"], ["updated_at", "2016-05-11 06:07:47.798503"]]
  [1m[35m (119.8ms)[0m  commit transaction
  [1m[36m (0.8ms)[0m  [1mbegin transaction[0m
  [1m[35mSQL (0.6ms)[0m  INSERT INTO "restaurants" ("name", "street", "city", "state", "country", "postal_code", "created_at", "updated_at") VALUES (?, ?, ?, ?, ?, ?, ?, ?)  [["name", "On The Border"], ["street", "45 Middle Ave."], ["city", "Holtsville"], ["state", "New York"], ["country", "USA"], ["postal_code", "11742"], ["created_at", "2016-05-11 06:09:28.743168"], ["updated_at", "2016-05-11 06:09:28.743168"]]
  [1m[36m (119.1ms)[0m  [1mcommit transaction[0m


Started GET "/" for 127.0.0.1 at 2016-05-11 02:25:14 -0400
  [1m[36mActiveRecord::SchemaMigration Load (0.2ms)[0m  [1mSELECT "schema_migrations".* FROM "schema_migrations"[0m
Processing by Rails::WelcomeController#index as HTML
  Rendered /home/dave/.rvm/gems/ruby-2.2.1/gems/railties-4.2.6/lib/rails/templates/rails/welcome/index.html.erb (10.0ms)
Completed 200 OK in 93ms (Views: 76.0ms | ActiveRecord: 0.0ms)


Started GET "/restaurants" for 127.0.0.1 at 2016-05-11 02:25:22 -0400
Processing by RestaurantsController#index as HTML
  Rendered restaurants/index.html.erb within layouts/application (1.7ms)
Completed 500 Internal Server Error in 11ms (ActiveRecord: 0.0ms)

SyntaxError (/home/dave/Desktop/ror101/github/lesson-08-homework/app/views/restaurants/index.html.erb:5: syntax error, unexpected keyword_ensure, expecting keyword_end
/home/dave/Desktop/ror101/github/lesson-08-homework/app/views/restaurants/index.html.erb:7: syntax error, unexpected end-of-input, expecting keyword_end):
  app/views/restaurants/index.html.erb:5: syntax error, unexpected keyword_ensure, expecting keyword_end
  app/views/restaurants/index.html.erb:7: syntax error, unexpected end-of-input, expecting keyword_end


  Rendered /home/dave/.rvm/gems/ruby-2.2.1/gems/actionpack-4.2.6/lib/action_dispatch/middleware/templates/rescues/_source.erb (9.9ms)
  Rendered /home/dave/.rvm/gems/ruby-2.2.1/gems/actionpack-4.2.6/lib/action_dispatch/middleware/templates/rescues/_trace.html.erb (3.7ms)
  Rendered /home/dave/.rvm/gems/ruby-2.2.1/gems/actionpack-4.2.6/lib/action_dispatch/middleware/templates/rescues/_request_and_response.html.erb (1.4ms)
  Rendered /home/dave/.rvm/gems/ruby-2.2.1/gems/actionpack-4.2.6/lib/action_dispatch/middleware/templates/rescues/diagnostics.html.erb within rescues/layout (35.9ms)
  Rendered /home/dave/.rvm/gems/ruby-2.2.1/gems/web-console-2.3.0/lib/web_console/templates/_markup.html.erb (0.6ms)
  Rendered /home/dave/.rvm/gems/ruby-2.2.1/gems/web-console-2.3.0/lib/web_console/templates/_inner_console_markup.html.erb within layouts/inlined_string (0.6ms)
  Rendered /home/dave/.rvm/gems/ruby-2.2.1/gems/web-console-2.3.0/lib/web_console/templates/_prompt_box_markup.html.erb within layouts/inlined_string (0.4ms)
  Rendered /home/dave/.rvm/gems/ruby-2.2.1/gems/web-console-2.3.0/lib/web_console/templates/style.css.erb within layouts/inlined_string (0.9ms)
  Rendered /home/dave/.rvm/gems/ruby-2.2.1/gems/web-console-2.3.0/lib/web_console/templates/console.js.erb within layouts/javascript (117.3ms)
  Rendered /home/dave/.rvm/gems/ruby-2.2.1/gems/web-console-2.3.0/lib/web_console/templates/main.js.erb within layouts/javascript (0.6ms)
  Rendered /home/dave/.rvm/gems/ruby-2.2.1/gems/web-console-2.3.0/lib/web_console/templates/error_page.js.erb within layouts/javascript (0.6ms)
  Rendered /home/dave/.rvm/gems/ruby-2.2.1/gems/web-console-2.3.0/lib/web_console/templates/index.html.erb (186.5ms)


Started GET "/restaurants" for 127.0.0.1 at 2016-05-11 02:26:02 -0400
Processing by RestaurantsController#index as HTML
  [1m[35mRestaurant Load (0.3ms)[0m  SELECT "restaurants".* FROM "restaurants"
  Rendered restaurants/index.html.erb within layouts/application (19.5ms)
Completed 200 OK in 2130ms (Views: 2128.3ms | ActiveRecord: 0.7ms)


Started GET "/assets/turbolinks.self-c37727e9bd6b2735da5c311aa83fead54ed0be6cc8bd9a65309e9c5abe2cbfff.js?body=1" for 127.0.0.1 at 2016-05-11 02:26:04 -0400


Started GET "/assets/application.self-3b8dabdc891efe46b9a144b400ad69e37d7e5876bdc39dee783419a69d7ca819.js?body=1" for 127.0.0.1 at 2016-05-11 02:26:04 -0400


Started GET "/assets/jquery.self-660adc51e0224b731d29f575a6f1ec167ba08ad06ed5deca4f1e8654c135bf4c.js?body=1" for 127.0.0.1 at 2016-05-11 02:26:04 -0400


Started GET "/assets/application.self-e80e8f2318043e8af94dddc2adad5a4f09739a8ebb323b3ab31cd71d45fd9113.css?body=1" for 127.0.0.1 at 2016-05-11 02:26:04 -0400


Started GET "/assets/jquery_ujs.self-e87806d0cf4489aeb1bb7288016024e8de67fd18db693fe026fe3907581e53cd.js?body=1" for 127.0.0.1 at 2016-05-11 02:26:04 -0400


Started GET "/restaurants" for 127.0.0.1 at 2016-05-11 02:45:47 -0400
Processing by RestaurantsController#index as HTML
  [1m[36mRestaurant Load (0.5ms)[0m  [1mSELECT "restaurants".* FROM "restaurants"[0m
  Rendered restaurants/index.html.erb within layouts/application (13.3ms)
Completed 200 OK in 35ms (Views: 31.3ms | ActiveRecord: 1.2ms)


Started GET "/assets/jquery.self-660adc51e0224b731d29f575a6f1ec167ba08ad06ed5deca4f1e8654c135bf4c.js?body=1" for 127.0.0.1 at 2016-05-11 02:45:47 -0400


Started GET "/assets/application.self-3b8dabdc891efe46b9a144b400ad69e37d7e5876bdc39dee783419a69d7ca819.js?body=1" for 127.0.0.1 at 2016-05-11 02:45:47 -0400


Started GET "/assets/application.self-e80e8f2318043e8af94dddc2adad5a4f09739a8ebb323b3ab31cd71d45fd9113.css?body=1" for 127.0.0.1 at 2016-05-11 02:45:47 -0400


Started GET "/assets/turbolinks.self-c37727e9bd6b2735da5c311aa83fead54ed0be6cc8bd9a65309e9c5abe2cbfff.js?body=1" for 127.0.0.1 at 2016-05-11 02:45:47 -0400


Started GET "/assets/jquery_ujs.self-e87806d0cf4489aeb1bb7288016024e8de67fd18db693fe026fe3907581e53cd.js?body=1" for 127.0.0.1 at 2016-05-11 02:45:47 -0400


Started GET "/restaurants/1" for 127.0.0.1 at 2016-05-11 02:45:50 -0400
Processing by RestaurantsController#show as HTML
  Parameters: {"id"=>"1"}
  [1m[35mRestaurant Load (0.7ms)[0m  SELECT  "restaurants".* FROM "restaurants" WHERE "restaurants"."id" = ? LIMIT 1  [["id", 1]]
  Rendered restaurants/show.html.erb within layouts/application (2.0ms)
Completed 200 OK in 76ms (Views: 25.7ms | ActiveRecord: 0.7ms)


Started GET "/restaurants/2" for 127.0.0.1 at 2016-05-11 02:45:54 -0400
Processing by RestaurantsController#show as HTML
  Parameters: {"id"=>"2"}
  [1m[36mRestaurant Load (0.2ms)[0m  [1mSELECT  "restaurants".* FROM "restaurants" WHERE "restaurants"."id" = ? LIMIT 1[0m  [["id", 2]]
  Rendered restaurants/show.html.erb within layouts/application (0.4ms)
Completed 200 OK in 24ms (Views: 22.0ms | ActiveRecord: 0.2ms)
